info @storybook/svelte v6.5.3
info 
info => Cleaning outputDir: /var/folders/0c/6fgqrbms6rl4ptpn6tyx84rw0000gp/T/chromatic--39918-VhywpMbfgU0c
info => Loading presets
info => Compiling manager..
vite v2.9.9 building for production...
transforming...
Use of eval is strongly discouraged, as it poses security risks and may cause issues with minification
Use of eval is strongly discouraged, as it poses security risks and may cause issues with minification
Use of eval is strongly discouraged, as it poses security risks and may cause issues with minification
✓ 920 modules transformed.
rendering chunks...
info => Manager built (19 s)
../../../../var/folders/0c/6fgqrbms6rl4ptpn6tyx84rw0000gp/T/chromatic--39918-VhywpMbfgU0c/assets/code-brackets.9ef6443e.svg                    1.42 KiB
../../../../var/folders/0c/6fgqrbms6rl4ptpn6tyx84rw0000gp/T/chromatic--39918-VhywpMbfgU0c/assets/colors.ac9401f3.svg                           8.31 KiB
../../../../var/folders/0c/6fgqrbms6rl4ptpn6tyx84rw0000gp/T/chromatic--39918-VhywpMbfgU0c/assets/comments.f15a6837.svg                         1.49 KiB
../../../../var/folders/0c/6fgqrbms6rl4ptpn6tyx84rw0000gp/T/chromatic--39918-VhywpMbfgU0c/assets/direction.94a9917f.svg                        1.25 KiB
../../../../var/folders/0c/6fgqrbms6rl4ptpn6tyx84rw0000gp/T/chromatic--39918-VhywpMbfgU0c/assets/flow.275142c6.svg                             1.36 KiB
../../../../var/folders/0c/6fgqrbms6rl4ptpn6tyx84rw0000gp/T/chromatic--39918-VhywpMbfgU0c/assets/plugin.57148314.svg                           2.12 KiB
../../../../var/folders/0c/6fgqrbms6rl4ptpn6tyx84rw0000gp/T/chromatic--39918-VhywpMbfgU0c/assets/stackalt.2ad81543.svg                         2.49 KiB
../../../../var/folders/0c/6fgqrbms6rl4ptpn6tyx84rw0000gp/T/chromatic--39918-VhywpMbfgU0c/assets/repo.fb4ece47.svg                             1.60 KiB
../../../../var/folders/0c/6fgqrbms6rl4ptpn6tyx84rw0000gp/T/chromatic--39918-VhywpMbfgU0c/iframe.html                                          13.33 KiB
../../../../var/folders/0c/6fgqrbms6rl4ptpn6tyx84rw0000gp/T/chromatic--39918-VhywpMbfgU0c/assets/config.0ce05b12.js                            4.92 KiB / gzip: 1.90 KiB
../../../../var/folders/0c/6fgqrbms6rl4ptpn6tyx84rw0000gp/T/chromatic--39918-VhywpMbfgU0c/assets/config.0ce05b12.js.map                        8.20 KiB
../../../../var/folders/0c/6fgqrbms6rl4ptpn6tyx84rw0000gp/T/chromatic--39918-VhywpMbfgU0c/assets/index.fb5aa259.js                             4.58 KiB / gzip: 2.04 KiB
../../../../var/folders/0c/6fgqrbms6rl4ptpn6tyx84rw0000gp/T/chromatic--39918-VhywpMbfgU0c/assets/index.fb5aa259.js.map                         78.80 KiB
../../../../var/folders/0c/6fgqrbms6rl4ptpn6tyx84rw0000gp/T/chromatic--39918-VhywpMbfgU0c/assets/config.ea0de614.js                            5.63 KiB / gzip: 2.51 KiB
../../../../var/folders/0c/6fgqrbms6rl4ptpn6tyx84rw0000gp/T/chromatic--39918-VhywpMbfgU0c/assets/config.ea0de614.js.map                        21.08 KiB
../../../../var/folders/0c/6fgqrbms6rl4ptpn6tyx84rw0000gp/T/chromatic--39918-VhywpMbfgU0c/assets/preview.28ace0df.js                           0.64 KiB / gzip: 0.41 KiB
../../../../var/folders/0c/6fgqrbms6rl4ptpn6tyx84rw0000gp/T/chromatic--39918-VhywpMbfgU0c/assets/preview.28ace0df.js.map                       7.15 KiB
../../../../var/folders/0c/6fgqrbms6rl4ptpn6tyx84rw0000gp/T/chromatic--39918-VhywpMbfgU0c/assets/index.d38174fb.js                             7.70 KiB / gzip: 3.16 KiB
../../../../var/folders/0c/6fgqrbms6rl4ptpn6tyx84rw0000gp/T/chromatic--39918-VhywpMbfgU0c/assets/index.d38174fb.js.map                         17.57 KiB
../../../../var/folders/0c/6fgqrbms6rl4ptpn6tyx84rw0000gp/T/chromatic--39918-VhywpMbfgU0c/assets/make-decorator.3769f4d4.js                    0.70 KiB / gzip: 0.40 KiB
../../../../var/folders/0c/6fgqrbms6rl4ptpn6tyx84rw0000gp/T/chromatic--39918-VhywpMbfgU0c/assets/make-decorator.3769f4d4.js.map                2.75 KiB
../../../../var/folders/0c/6fgqrbms6rl4ptpn6tyx84rw0000gp/T/chromatic--39918-VhywpMbfgU0c/assets/preview.bb4b3d2c.js                           1.28 KiB / gzip: 0.48 KiB
../../../../var/folders/0c/6fgqrbms6rl4ptpn6tyx84rw0000gp/T/chromatic--39918-VhywpMbfgU0c/assets/preview.bb4b3d2c.js.map                       3.65 KiB
../../../../var/folders/0c/6fgqrbms6rl4ptpn6tyx84rw0000gp/T/chromatic--39918-VhywpMbfgU0c/assets/preview.fd690627.js                           10.24 KiB / gzip: 3.66 KiB
../../../../var/folders/0c/6fgqrbms6rl4ptpn6tyx84rw0000gp/T/chromatic--39918-VhywpMbfgU0c/assets/preview.fd690627.js.map                       40.99 KiB
../../../../var/folders/0c/6fgqrbms6rl4ptpn6tyx84rw0000gp/T/chromatic--39918-VhywpMbfgU0c/assets/preview.bd79315e.js                           4.17 KiB / gzip: 1.59 KiB
../../../../var/folders/0c/6fgqrbms6rl4ptpn6tyx84rw0000gp/T/chromatic--39918-VhywpMbfgU0c/assets/preview.bd79315e.js.map                       15.57 KiB
../../../../var/folders/0c/6fgqrbms6rl4ptpn6tyx84rw0000gp/T/chromatic--39918-VhywpMbfgU0c/assets/preview.1e5c54b3.js                           8.21 KiB / gzip: 2.81 KiB
../../../../var/folders/0c/6fgqrbms6rl4ptpn6tyx84rw0000gp/T/chromatic--39918-VhywpMbfgU0c/assets/preview.1e5c54b3.js.map                       33.96 KiB
../../../../var/folders/0c/6fgqrbms6rl4ptpn6tyx84rw0000gp/T/chromatic--39918-VhywpMbfgU0c/assets/preview.5ae45f87.js                           7.74 KiB / gzip: 1.56 KiB
../../../../var/folders/0c/6fgqrbms6rl4ptpn6tyx84rw0000gp/T/chromatic--39918-VhywpMbfgU0c/assets/preview.5ae45f87.js.map                       16.46 KiB
../../../../var/folders/0c/6fgqrbms6rl4ptpn6tyx84rw0000gp/T/chromatic--39918-VhywpMbfgU0c/assets/preview.250e703b.js                           0.13 KiB / gzip: 0.14 KiB
../../../../var/folders/0c/6fgqrbms6rl4ptpn6tyx84rw0000gp/T/chromatic--39918-VhywpMbfgU0c/assets/preview.250e703b.js.map                       0.73 KiB
../../../../var/folders/0c/6fgqrbms6rl4ptpn6tyx84rw0000gp/T/chromatic--39918-VhywpMbfgU0c/assets/preview.8587387b.js                           9.08 KiB / gzip: 3.44 KiB
../../../../var/folders/0c/6fgqrbms6rl4ptpn6tyx84rw0000gp/T/chromatic--39918-VhywpMbfgU0c/assets/preview.8587387b.js.map                       37.99 KiB
../../../../var/folders/0c/6fgqrbms6rl4ptpn6tyx84rw0000gp/T/chromatic--39918-VhywpMbfgU0c/assets/Introduction.stories.8eb1a6ff.js              6.28 KiB / gzip: 2.35 KiB
../../../../var/folders/0c/6fgqrbms6rl4ptpn6tyx84rw0000gp/T/chromatic--39918-VhywpMbfgU0c/assets/Introduction.stories.8eb1a6ff.js.map          1.49 KiB
../../../../var/folders/0c/6fgqrbms6rl4ptpn6tyx84rw0000gp/T/chromatic--39918-VhywpMbfgU0c/assets/button.c99e667d.js                            1.33 KiB / gzip: 0.73 KiB
../../../../var/folders/0c/6fgqrbms6rl4ptpn6tyx84rw0000gp/T/chromatic--39918-VhywpMbfgU0c/assets/button.c99e667d.js.map                        1.10 KiB
../../../../var/folders/0c/6fgqrbms6rl4ptpn6tyx84rw0000gp/T/chromatic--39918-VhywpMbfgU0c/assets/preview.adbf37ff.js                           24.27 KiB / gzip: 7.55 KiB
../../../../var/folders/0c/6fgqrbms6rl4ptpn6tyx84rw0000gp/T/chromatic--39918-VhywpMbfgU0c/assets/preview.adbf37ff.js.map                       90.15 KiB
../../../../var/folders/0c/6fgqrbms6rl4ptpn6tyx84rw0000gp/T/chromatic--39918-VhywpMbfgU0c/assets/input.4ab886a7.js                             1.54 KiB / gzip: 0.76 KiB
../../../../var/folders/0c/6fgqrbms6rl4ptpn6tyx84rw0000gp/T/chromatic--39918-VhywpMbfgU0c/assets/input.4ab886a7.js.map                         2.29 KiB
../../../../var/folders/0c/6fgqrbms6rl4ptpn6tyx84rw0000gp/T/chromatic--39918-VhywpMbfgU0c/assets/checkbox.stories.d28975e1.js                  1.84 KiB / gzip: 1.01 KiB
../../../../var/folders/0c/6fgqrbms6rl4ptpn6tyx84rw0000gp/T/chromatic--39918-VhywpMbfgU0c/assets/checkbox.stories.d28975e1.js.map              0.72 KiB
../../../../var/folders/0c/6fgqrbms6rl4ptpn6tyx84rw0000gp/T/chromatic--39918-VhywpMbfgU0c/assets/button.stories.304ae692.js                    0.44 KiB / gzip: 0.28 KiB
../../../../var/folders/0c/6fgqrbms6rl4ptpn6tyx84rw0000gp/T/chromatic--39918-VhywpMbfgU0c/assets/button.stories.304ae692.js.map                0.10 KiB
../../../../var/folders/0c/6fgqrbms6rl4ptpn6tyx84rw0000gp/T/chromatic--39918-VhywpMbfgU0c/assets/dialog.stories.5503b0bf.js                    6.13 KiB / gzip: 2.30 KiB
../../../../var/folders/0c/6fgqrbms6rl4ptpn6tyx84rw0000gp/T/chromatic--39918-VhywpMbfgU0c/assets/dialog.stories.5503b0bf.js.map                3.90 KiB
../../../../var/folders/0c/6fgqrbms6rl4ptpn6tyx84rw0000gp/T/chromatic--39918-VhywpMbfgU0c/assets/input.stories.48baf80d.js                     0.44 KiB / gzip: 0.30 KiB
../../../../var/folders/0c/6fgqrbms6rl4ptpn6tyx84rw0000gp/T/chromatic--39918-VhywpMbfgU0c/assets/input.stories.48baf80d.js.map                 0.10 KiB
../../../../var/folders/0c/6fgqrbms6rl4ptpn6tyx84rw0000gp/T/chromatic--39918-VhywpMbfgU0c/assets/select.stories.084507b2.js                    2.08 KiB / gzip: 1.11 KiB
../../../../var/folders/0c/6fgqrbms6rl4ptpn6tyx84rw0000gp/T/chromatic--39918-VhywpMbfgU0c/assets/select.stories.084507b2.js.map                1.68 KiB
../../../../var/folders/0c/6fgqrbms6rl4ptpn6tyx84rw0000gp/T/chromatic--39918-VhywpMbfgU0c/assets/renderDocs.b31ce898.js                        2.44 KiB / gzip: 1.15 KiB
../../../../var/folders/0c/6fgqrbms6rl4ptpn6tyx84rw0000gp/T/chromatic--39918-VhywpMbfgU0c/assets/renderDocs.b31ce898.js.map                    8.15 KiB
../../../../var/folders/0c/6fgqrbms6rl4ptpn6tyx84rw0000gp/T/chromatic--39918-VhywpMbfgU0c/assets/index.8f59d191.js                             2.47 KiB / gzip: 1.17 KiB
../../../../var/folders/0c/6fgqrbms6rl4ptpn6tyx84rw0000gp/T/chromatic--39918-VhywpMbfgU0c/assets/index.8f59d191.js.map                         5.87 KiB
../../../../var/folders/0c/6fgqrbms6rl4ptpn6tyx84rw0000gp/T/chromatic--39918-VhywpMbfgU0c/assets/GlobalScrollAreaStyles-8793ce4a.32153277.js   10.07 KiB / gzip: 2.25 KiB
../../../../var/folders/0c/6fgqrbms6rl4ptpn6tyx84rw0000gp/T/chromatic--39918-VhywpMbfgU0c/assets/GlobalScrollAreaStyles-8793ce4a.32153277.js.map 18.49 KiB
../../../../var/folders/0c/6fgqrbms6rl4ptpn6tyx84rw0000gp/T/chromatic--39918-VhywpMbfgU0c/assets/button.b51b1114.css                           0.49 KiB / gzip: 0.20 KiB
../../../../var/folders/0c/6fgqrbms6rl4ptpn6tyx84rw0000gp/T/chromatic--39918-VhywpMbfgU0c/assets/input.f64df029.css                            1.50 KiB / gzip: 0.38 KiB
../../../../var/folders/0c/6fgqrbms6rl4ptpn6tyx84rw0000gp/T/chromatic--39918-VhywpMbfgU0c/assets/select.stories.8e1c222e.css                   0.41 KiB / gzip: 0.28 KiB
../../../../var/folders/0c/6fgqrbms6rl4ptpn6tyx84rw0000gp/T/chromatic--39918-VhywpMbfgU0c/assets/preview.9b39fafe.css                          6.98 KiB / gzip: 2.18 KiB
../../../../var/folders/0c/6fgqrbms6rl4ptpn6tyx84rw0000gp/T/chromatic--39918-VhywpMbfgU0c/assets/WithTooltip-2fc4c925.c4bf69e0.js              37.61 KiB / gzip: 12.37 KiB
../../../../var/folders/0c/6fgqrbms6rl4ptpn6tyx84rw0000gp/T/chromatic--39918-VhywpMbfgU0c/assets/WithTooltip-2fc4c925.c4bf69e0.js.map          152.97 KiB
../../../../var/folders/0c/6fgqrbms6rl4ptpn6tyx84rw0000gp/T/chromatic--39918-VhywpMbfgU0c/assets/Color-01c31ae2.929231b8.js                    32.63 KiB / gzip: 12.09 KiB
../../../../var/folders/0c/6fgqrbms6rl4ptpn6tyx84rw0000gp/T/chromatic--39918-VhywpMbfgU0c/assets/Color-01c31ae2.929231b8.js.map                115.06 KiB
../../../../var/folders/0c/6fgqrbms6rl4ptpn6tyx84rw0000gp/T/chromatic--39918-VhywpMbfgU0c/assets/syntaxhighlighter-b09267a2.cef9f49e.js        74.75 KiB / gzip: 27.01 KiB
../../../../var/folders/0c/6fgqrbms6rl4ptpn6tyx84rw0000gp/T/chromatic--39918-VhywpMbfgU0c/assets/syntaxhighlighter-b09267a2.cef9f49e.js.map    264.35 KiB
../../../../var/folders/0c/6fgqrbms6rl4ptpn6tyx84rw0000gp/T/chromatic--39918-VhywpMbfgU0c/assets/OverlayScrollbars-9b821cbe.95f866f1.js        57.68 KiB / gzip: 24.72 KiB
../../../../var/folders/0c/6fgqrbms6rl4ptpn6tyx84rw0000gp/T/chromatic--39918-VhywpMbfgU0c/assets/OverlayScrollbars-9b821cbe.95f866f1.js.map    376.98 KiB
../../../../var/folders/0c/6fgqrbms6rl4ptpn6tyx84rw0000gp/T/chromatic--39918-VhywpMbfgU0c/assets/index.fe222939.js                             119.95 KiB / gzip: 37.64 KiB
../../../../var/folders/0c/6fgqrbms6rl4ptpn6tyx84rw0000gp/T/chromatic--39918-VhywpMbfgU0c/assets/index.fe222939.js.map                         263.68 KiB
../../../../var/folders/0c/6fgqrbms6rl4ptpn6tyx84rw0000gp/T/chromatic--39918-VhywpMbfgU0c/assets/iframe.9863216e.js                            324.32 KiB / gzip: 88.79 KiB
../../../../var/folders/0c/6fgqrbms6rl4ptpn6tyx84rw0000gp/T/chromatic--39918-VhywpMbfgU0c/assets/iframe.9863216e.js.map                        889.83 KiB
../../../../var/folders/0c/6fgqrbms6rl4ptpn6tyx84rw0000gp/T/chromatic--39918-VhywpMbfgU0c/assets/axe.40eec5de.js                               434.28 KiB / gzip: 113.79 KiB
../../../../var/folders/0c/6fgqrbms6rl4ptpn6tyx84rw0000gp/T/chromatic--39918-VhywpMbfgU0c/assets/axe.40eec5de.js.map                           1358.42 KiB
../../../../var/folders/0c/6fgqrbms6rl4ptpn6tyx84rw0000gp/T/chromatic--39918-VhywpMbfgU0c/assets/Props.9c13dc35.js                             459.04 KiB / gzip: 136.28 KiB
../../../../var/folders/0c/6fgqrbms6rl4ptpn6tyx84rw0000gp/T/chromatic--39918-VhywpMbfgU0c/assets/Props.9c13dc35.js.map                         1067.92 KiB
../../../../var/folders/0c/6fgqrbms6rl4ptpn6tyx84rw0000gp/T/chromatic--39918-VhywpMbfgU0c/assets/formatter-9bb0ae57.0aa54ca4.js                700.96 KiB / gzip: 219.18 KiB
../../../../var/folders/0c/6fgqrbms6rl4ptpn6tyx84rw0000gp/T/chromatic--39918-VhywpMbfgU0c/assets/formatter-9bb0ae57.0aa54ca4.js.map            1521.72 KiB

(!) Some chunks are larger than 500 KiB after minification. Consider:
- Using dynamic import() to code-split the application
- Use build.rollupOptions.output.manualChunks to improve chunking: https://rollupjs.org/guide/en/#outputmanualchunks
- Adjust chunk size limit for this warning via build.chunkSizeWarningLimit.
info => Output directory: /var/folders/0c/6fgqrbms6rl4ptpn6tyx84rw0000gp/T/chromatic--39918-VhywpMbfgU0c
